#
# A fatal error has been detected by the Java Runtime Environment:
#
#  EXCEPTION_ACCESS_VIOLATION (0xc0000005) at pc=0x00000000030e1066, pid=12692, tid=0x0000000000001db0
#
# JRE version: Java(TM) SE Runtime Environment (8.0_211-b12) (build 1.8.0_211-b12)
# Java VM: Java HotSpot(TM) 64-Bit Server VM (25.211-b12 mixed mode windows-amd64 compressed oops)
# Problematic frame:
# C  [OpenAL64.dll+0x11066]
#
# Failed to write core dump. Minidumps are not enabled by default on client versions of Windows
#
# If you would like to submit a bug report, please visit:
#   http://bugreport.java.com/bugreport/crash.jsp
# The crash happened outside the Java Virtual Machine in native code.
# See problematic frame for where to report the bug.
#

---------------  T H R E A D  ---------------

Current thread (0x00000000032d6000):  JavaThread "main" [_thread_in_native, id=7600, stack(0x00000000031b0000,0x00000000032b0000)]

siginfo: ExceptionCode=0xc0000005, reading address 0x000000001d890004

Registers:
RAX=0x0000000000000001, RBX=0x0000000020dd0090, RCX=0x000000001d890008, RDX=0x000000001d890004
RSP=0x00000000032ac1f0, RBP=0x00000000000000ff, RSI=0x000000001d88386c, RDI=0x0000000000000000
R8 =0x00000000000031e6, R9 =0x000000001d88386c, R10=0x00000000033e8c3b, R11=0x00000000513ccef0
R12=0x0000000000000001, R13=0x00000000209c8020, R14=0x00000000032ac390, R15=0x00000000032d6000
RIP=0x00000000030e1066, EFLAGS=0x0000000000010202

Top of Stack: (sp=0x00000000032ac1f0)
0x00000000032ac1f0:   0000000000000000 000000001a591160
0x00000000032ac200:   00000000032c7fa0 00000000032d6000
0x00000000032ac210:   00000000209c8020 0000000000000000
0x00000000032ac220:   00000000032d6000 00000000032c7fa0
0x00000000032ac230:   00000000209c8020 00000000032ac390
0x00000000032ac240:   00000000032c8b50 000000005125c3f6
0x00000000032ac250:   00000000032acb28 00000000032d6b70
0x00000000032ac260:   00000000032d6000 00000000032ac390
0x00000000032ac270:   00000000209c8020 0000000000000000
0x00000000032ac280:   000000001d88386c 0000000000000248
0x00000000032ac290:   00000000032ac358 00000000030e248f
0x00000000032ac2a0:   0000000020dd0090 0000000020dd0090
0x00000000032ac2b0:   000000000000ac44 0000000000000001
0x00000000032ac2c0:   00000000033d7e70 00000000033e8c67
0x00000000032ac2d0:   00000000209c8020 00000000033d7e70
0x00000000032ac2e0:   00000000033d7e70 00000000033e89ab 

Instructions: (pc=0x00000000030e1066)
0x00000000030e1046:   41 2b ec 81 3a 03 00 02 00 75 09 8b 01 89 84 24
0x00000000030e1056:   c8 00 00 00 49 83 c0 02 48 83 c1 08 4a 8d 14 86
0x00000000030e1066:   39 3a 75 af 4c 8d 84 24 c0 00 00 00 48 8d 15 d7
0x00000000030e1076:   2b 03 00 33 c9 e8 58 5f 00 00 b8 40 1f 00 00 4c 


Register to memory mapping:

RAX=0x0000000000000001 is an unknown value
RBX=0x0000000020dd0090 is an unknown value
RCX=0x000000001d890008 is an unknown value
RDX=0x000000001d890004 is an unknown value
RSP=0x00000000032ac1f0 is pointing into the stack for thread: 0x00000000032d6000
RBP=0x00000000000000ff is an unknown value
RSI=0x000000001d88386c is an unknown value
RDI=0x0000000000000000 is an unknown value
R8 =0x00000000000031e6 is an unknown value
R9 =0x000000001d88386c is an unknown value
R10=0x00000000033e8c3b is at code_begin+891 in an Interpreter codelet
method entry point (kind = native)  [0x00000000033e88c0, 0x00000000033e9280]  2496 bytes
R11=0x00000000513ccef0 is an unknown value
R12=0x0000000000000001 is an unknown value
R13={method} {0x00000000209c8028} 'nalcCreateContext' '(JJ)J' in 'org/lwjgl/openal/ALC10'
R14=0x00000000032ac390 is pointing into the stack for thread: 0x00000000032d6000
R15=0x00000000032d6000 is a thread


Stack: [0x00000000031b0000,0x00000000032b0000],  sp=0x00000000032ac1f0,  free space=1008k
Native frames: (J=compiled Java code, j=interpreted, Vv=VM code, C=native code)
C  [OpenAL64.dll+0x11066]
C  [OpenAL64.dll+0x1248f]
C  0x00000000033e8c67

Java frames: (J=compiled Java code, j=interpreted, Vv=VM code)
j  org.lwjgl.openal.ALC10.nalcCreateContext(JJ)J+0
j  org.lwjgl.openal.ALC10.alcCreateContext(Lorg/lwjgl/openal/ALCdevice;Ljava/nio/IntBuffer;)Lorg/lwjgl/openal/ALCcontext;+8
j  org.lwjgl.openal.AL.init(Ljava/lang/String;IIZZ)V+69
j  org.lwjgl.openal.AL.create(Ljava/lang/String;IIZZ)V+246
j  org.lwjgl.openal.AL.create(Ljava/lang/String;IIZ)V+5
j  org.lwjgl.openal.AL.create()V+6
j  com.badlogic.gdx.backends.lwjgl.audio.OpenALAudio.<init>(III)V+114
j  com.badlogic.gdx.backends.lwjgl.LwjglApplication.<init>(Lcom/badlogic/gdx/ApplicationListener;Lcom/badlogic/gdx/backends/lwjgl/LwjglApplicationConfiguration;Lcom/badlogic/gdx/backends/lwjgl/LwjglGraphics;)V+120
j  com.badlogic.gdx.backends.lwjgl.LwjglApplication.<init>(Lcom/badlogic/gdx/ApplicationListener;Lcom/badlogic/gdx/backends/lwjgl/LwjglApplicationConfiguration;)V+11
j  org.uqbar.project.wollok.game.gameboard.WollokGDXApplication.<init>(Lorg/uqbar/project/wollok/game/gameboard/Gameboard;Ljava/lang/Boolean;)V+17
j  org.uqbar.project.wollok.game.helpers.Application.start(Lorg/uqbar/project/wollok/game/gameboard/Gameboard;Ljava/lang/Boolean;)V+5
j  org.uqbar.project.wollok.game.gameboard.Gameboard.start(Ljava/lang/Boolean;)V+13
j  wollok.game.GameObject.doStart(Ljava/lang/Boolean;)V+12
v  ~StubRoutines::call_stub
j  sun.reflect.NativeMethodAccessorImpl.invoke0(Ljava/lang/reflect/Method;Ljava/lang/Object;[Ljava/lang/Object;)Ljava/lang/Object;+0
j  sun.reflect.NativeMethodAccessorImpl.invoke(Ljava/lang/Object;[Ljava/lang/Object;)Ljava/lang/Object;+100
J 4137 C2 java.lang.reflect.Method.invoke(Ljava/lang/Object;[Ljava/lang/Object;)Ljava/lang/Object; (62 bytes) @ 0x00000000040d0e60 [0x00000000040d0de0+0x80]
j  org.uqbar.project.wollok.ui.utils.XTendUtilExtensions.invokeConvertingArgs(Ljava/lang/reflect/Method;Ljava/lang/Object;[Ljava/lang/Object;)Lorg/uqbar/project/wollok/interpreter/core/WollokObject;+265
j  org.uqbar.project.wollok.interpreter.AbstractWollokCallable._invokeNative(Ljava/lang/Object;Ljava/lang/String;[Lorg/uqbar/project/wollok/interpreter/core/WollokObject;)Lorg/uqbar/project/wollok/interpreter/core/WollokObject;+41
J 4330 C1 org.uqbar.project.wollok.interpreter.AbstractWollokCallable.invokeNative(Ljava/lang/Object;Ljava/lang/String;[Lorg/uqbar/project/wollok/interpreter/core/WollokObject;)Lorg/uqbar/project/wollok/interpreter/core/WollokObject; (76 bytes) @ 0x00000000041856ac [0x0000000004184a60+0xc4c]
J 4414 C1 org.uqbar.project.wollok.interpreter.AbstractWollokCallable$1.apply()Lorg/uqbar/project/wollok/interpreter/core/WollokObject; (145 bytes) @ 0x00000000041cfedc [0x00000000041cf880+0x65c]
J 4413 C1 org.uqbar.project.wollok.interpreter.AbstractWollokCallable$1.apply()Ljava/lang/Object; (5 bytes) @ 0x00000000041c520c [0x00000000041c5180+0x8c]
J 3973 C1 org.uqbar.project.wollok.interpreter.threads.WThread.performOnStack(Lorg/eclipse/emf/ecore/EObject;Lorg/uqbar/project/wollok/interpreter/context/EvaluationContext;Lorg/eclipse/xtext/xbase/lib/Functions$Function0;)Lorg/uqbar/project/wollok/interpreter/core/WollokObject; (163 bytes) @ 0x000000000403a754 [0x000000000403a420+0x334]
J 4365 C1 org.uqbar.project.wollok.interpreter.AbstractWollokCallable.call(Lorg/uqbar/project/wollok/wollokDsl/WMethodDeclaration;[Lorg/uqbar/project/wollok/interpreter/core/WollokObject;)Lorg/uqbar/project/wollok/interpreter/core/WollokObject; (46 bytes) @ 0x00000000041a0cb4 [0x00000000041a01a0+0xb14]
J 4360 C1 org.uqbar.project.wollok.interpreter.core.WollokObject.call(Ljava/lang/String;[Lorg/uqbar/project/wollok/interpreter/core/WollokObject;)Lorg/uqbar/project/wollok/interpreter/core/WollokObject; (61 bytes) @ 0x0000000004194d7c [0x00000000041946c0+0x6bc]
j  org.uqbar.project.wollok.interpreter.WollokInterpreterEvaluator._evaluate(Lorg/uqbar/project/wollok/wollokDsl/WFeatureCall;)Lorg/uqbar/project/wollok/interpreter/core/WollokObject;+119
J 3899 C1 org.uqbar.project.wollok.launch.WollokLauncherInterpreterEvaluator.evaluate(Lorg/eclipse/emf/ecore/EObject;)Lorg/uqbar/project/wollok/interpreter/core/WollokObject; (502 bytes) @ 0x0000000003ff63cc [0x0000000003ff2220+0x41ac]
J 3919 C1 org.uqbar.project.wollok.interpreter.WollokInterpreter.eval(Lorg/eclipse/emf/ecore/EObject;)Lorg/uqbar/project/wollok/interpreter/core/WollokObject; (190 bytes) @ 0x0000000004012bcc [0x00000000040121c0+0xa0c]
J 4396 C1 org.uqbar.project.wollok.interpreter.WollokInterpreterEvaluator$1.apply(Ljava/lang/Object;Ljava/lang/Object;)Ljava/lang/Object; (13 bytes) @ 0x00000000041c0064 [0x00000000041bfce0+0x384]
J 4003 C1 org.eclipse.xtext.xbase.lib.IterableExtensions.fold(Ljava/lang/Iterable;Ljava/lang/Object;Lorg/eclipse/xtext/xbase/lib/Functions$Function2;)Ljava/lang/Object; (12 bytes) @ 0x000000000405276c [0x00000000040524c0+0x2ac]
j  org.uqbar.project.wollok.interpreter.WollokInterpreterEvaluator.evalAll(Ljava/lang/Iterable;)Lorg/uqbar/project/wollok/interpreter/core/WollokObject;+12
j  org.uqbar.project.wollok.interpreter.WollokInterpreterEvaluator._evaluate(Lorg/uqbar/project/wollok/wollokDsl/WBlockExpression;)Lorg/uqbar/project/wollok/interpreter/core/WollokObject;+34
J 3899 C1 org.uqbar.project.wollok.launch.WollokLauncherInterpreterEvaluator.evaluate(Lorg/eclipse/emf/ecore/EObject;)Lorg/uqbar/project/wollok/interpreter/core/WollokObject; (502 bytes) @ 0x0000000003ff9b64 [0x0000000003ff2220+0x7944]
J 3919 C1 org.uqbar.project.wollok.interpreter.WollokInterpreter.eval(Lorg/eclipse/emf/ecore/EObject;)Lorg/uqbar/project/wollok/interpreter/core/WollokObject; (190 bytes) @ 0x0000000004012bcc [0x00000000040121c0+0xa0c]
J 4414 C1 org.uqbar.project.wollok.interpreter.AbstractWollokCallable$1.apply()Lorg/uqbar/project/wollok/interpreter/core/WollokObject; (145 bytes) @ 0x00000000041d020c [0x00000000041cf880+0x98c]
J 4413 C1 org.uqbar.project.wollok.interpreter.AbstractWollokCallable$1.apply()Ljava/lang/Object; (5 bytes) @ 0x00000000041c520c [0x00000000041c5180+0x8c]
J 3973 C1 org.uqbar.project.wollok.interpreter.threads.WThread.performOnStack(Lorg/eclipse/emf/ecore/EObject;Lorg/uqbar/project/wollok/interpreter/context/EvaluationContext;Lorg/eclipse/xtext/xbase/lib/Functions$Function0;)Lorg/uqbar/project/wollok/interpreter/core/WollokObject; (163 bytes) @ 0x000000000403a754 [0x000000000403a420+0x334]
J 4365 C1 org.uqbar.project.wollok.interpreter.AbstractWollokCallable.call(Lorg/uqbar/project/wollok/wollokDsl/WMethodDeclaration;[Lorg/uqbar/project/wollok/interpreter/core/WollokObject;)Lorg/uqbar/project/wollok/interpreter/core/WollokObject; (46 bytes) @ 0x00000000041a0cb4 [0x00000000041a01a0+0xb14]
J 4360 C1 org.uqbar.project.wollok.interpreter.core.WollokObject.call(Ljava/lang/String;[Lorg/uqbar/project/wollok/interpreter/core/WollokObject;)Lorg/uqbar/project/wollok/interpreter/core/WollokObject; (61 bytes) @ 0x0000000004194d7c [0x00000000041946c0+0x6bc]
j  org.uqbar.project.wollok.interpreter.WollokInterpreterEvaluator._evaluate(Lorg/uqbar/project/wollok/wollokDsl/WFeatureCall;)Lorg/uqbar/project/wollok/interpreter/core/WollokObject;+119
J 3899 C1 org.uqbar.project.wollok.launch.WollokLauncherInterpreterEvaluator.evaluate(Lorg/eclipse/emf/ecore/EObject;)Lorg/uqbar/project/wollok/interpreter/core/WollokObject; (502 bytes) @ 0x0000000003ff63cc [0x0000000003ff2220+0x41ac]
J 3919 C1 org.uqbar.project.wollok.interpreter.WollokInterpreter.eval(Lorg/eclipse/emf/ecore/EObject;)Lorg/uqbar/project/wollok/interpreter/core/WollokObject; (190 bytes) @ 0x0000000004012bcc [0x00000000040121c0+0xa0c]
J 4396 C1 org.uqbar.project.wollok.interpreter.WollokInterpreterEvaluator$1.apply(Ljava/lang/Object;Ljava/lang/Object;)Ljava/lang/Object; (13 bytes) @ 0x00000000041c0064 [0x00000000041bfce0+0x384]
j  org.eclipse.xtext.xbase.lib.IteratorExtensions.fold(Ljava/util/Iterator;Ljava/lang/Object;Lorg/eclipse/xtext/xbase/lib/Functions$Function2;)Ljava/lang/Object;+19
j  org.eclipse.xtext.xbase.lib.IterableExtensions.fold(Ljava/lang/Iterable;Ljava/lang/Object;Lorg/eclipse/xtext/xbase/lib/Functions$Function2;)Ljava/lang/Object;+8
j  org.uqbar.project.wollok.interpreter.WollokInterpreterEvaluator.evalAll(Ljava/lang/Iterable;)Lorg/uqbar/project/wollok/interpreter/core/WollokObject;+12
j  org.uqbar.project.wollok.interpreter.WollokInterpreterEvaluator._evaluate(Lorg/uqbar/project/wollok/wollokDsl/WProgram;)Lorg/uqbar/project/wollok/interpreter/core/WollokObject;+18
j  org.uqbar.project.wollok.launch.WollokLauncherInterpreterEvaluator.evaluate(Lorg/eclipse/emf/ecore/EObject;)Lorg/uqbar/project/wollok/interpreter/core/WollokObject;+444
j  org.uqbar.project.wollok.interpreter.WollokInterpreterEvaluator.evaluate(Lorg/eclipse/emf/ecore/EObject;)Ljava/lang/Object;+2
j  org.uqbar.project.wollok.interpreter.WollokInterpreter.eval(Lorg/eclipse/emf/ecore/EObject;)Lorg/uqbar/project/wollok/interpreter/core/WollokObject;+63
j  org.uqbar.project.wollok.interpreter.WollokInterpreterEvaluator.eval(Lorg/eclipse/emf/ecore/EObject;)Lorg/uqbar/project/wollok/interpreter/core/WollokObject;+5
j  org.uqbar.project.wollok.launch.WollokLauncherInterpreterEvaluator._evaluate(Lorg/uqbar/project/wollok/wollokDsl/WFile;)Lorg/uqbar/project/wollok/interpreter/core/WollokObject;+32
j  org.uqbar.project.wollok.launch.WollokLauncherInterpreterEvaluator.evaluate(Lorg/eclipse/emf/ecore/EObject;)Lorg/uqbar/project/wollok/interpreter/core/WollokObject;+428
j  org.uqbar.project.wollok.interpreter.WollokInterpreterEvaluator.evaluate(Lorg/eclipse/emf/ecore/EObject;)Ljava/lang/Object;+2
j  org.uqbar.project.wollok.interpreter.WollokInterpreter.interpret(Lorg/eclipse/emf/ecore/EObject;Ljava/lang/Boolean;)Lorg/uqbar/project/wollok/interpreter/core/WollokObject;+25
j  org.uqbar.project.wollok.interpreter.WollokInterpreter.interpret(Lorg/eclipse/emf/ecore/EObject;)Lorg/uqbar/project/wollok/interpreter/core/WollokObject;+8
j  org.uqbar.project.wollok.launch.WollokLauncher.doSomething(Lorg/uqbar/project/wollok/wollokDsl/WFile;Lcom/google/inject/Injector;Ljava/io/File;Lorg/uqbar/project/wollok/launch/WollokLauncherParameters;)V+57
j  org.uqbar.project.wollok.launch.WollokChecker.launch(Ljava/lang/String;Lorg/uqbar/project/wollok/launch/WollokLauncherParameters;)V+31
j  org.uqbar.project.wollok.launch.WollokChecker.doMain([Ljava/lang/String;)V+213
j  org.uqbar.project.wollok.launch.WollokLauncher.main([Ljava/lang/String;)V+8
v  ~StubRoutines::call_stub

---------------  P R O C E S S  ---------------

Java Threads: ( => current thread )
  0x000000001be1b000 JavaThread "com.google.inject.internal.util.$Finalizer" daemon [_thread_blocked, id=6416, stack(0x000000001cbc0000,0x000000001ccc0000)]
  0x000000001b76a800 JavaThread "EMF Reference Cleaner" daemon [_thread_blocked, id=14860, stack(0x000000001c8c0000,0x000000001c9c0000)]
  0x000000001a394800 JavaThread "Service Thread" daemon [_thread_blocked, id=14208, stack(0x000000001aef0000,0x000000001aff0000)]
  0x000000001a319000 JavaThread "C1 CompilerThread3" daemon [_thread_blocked, id=1804, stack(0x000000001adf0000,0x000000001aef0000)]
  0x000000001a30e000 JavaThread "C2 CompilerThread2" daemon [_thread_blocked, id=13988, stack(0x000000001acf0000,0x000000001adf0000)]
  0x000000001a30a000 JavaThread "C2 CompilerThread1" daemon [_thread_blocked, id=6288, stack(0x000000001abf0000,0x000000001acf0000)]
  0x000000001a303800 JavaThread "C2 CompilerThread0" daemon [_thread_blocked, id=15144, stack(0x000000001aaf0000,0x000000001abf0000)]
  0x000000001a302000 JavaThread "Attach Listener" daemon [_thread_blocked, id=3624, stack(0x000000001a9f0000,0x000000001aaf0000)]
  0x000000001a301000 JavaThread "Signal Dispatcher" daemon [_thread_blocked, id=10216, stack(0x000000001a8f0000,0x000000001a9f0000)]
  0x00000000183d4000 JavaThread "Finalizer" daemon [_thread_blocked, id=7580, stack(0x000000001a6d0000,0x000000001a7d0000)]
  0x00000000033ce000 JavaThread "Reference Handler" daemon [_thread_blocked, id=6876, stack(0x000000001a1d0000,0x000000001a2d0000)]
=>0x00000000032d6000 JavaThread "main" [_thread_in_native, id=7600, stack(0x00000000031b0000,0x00000000032b0000)]

Other Threads:
  0x00000000183c9800 VMThread [stack: 0x000000001a0d0000,0x000000001a1d0000] [id=14220]
  0x000000001a3be800 WatcherThread [stack: 0x000000001aff0000,0x000000001b0f0000] [id=12408]

VM state:not at safepoint (normal execution)

VM Mutex/Monitor currently owned by a thread: None

heap address: 0x0000000080c00000, size: 2036 MB, Compressed Oops mode: 32-bit
Narrow klass base: 0x0000000000000000, Narrow klass shift: 3
Compressed class space size: 1073741824 Address: 0x0000000100000000

Heap:
 PSYoungGen      total 282112K, used 78543K [0x00000000d5980000, 0x00000000e7c80000, 0x0000000100000000)
  eden space 266240K, 27% used [0x00000000d5980000,0x00000000da21bbd8,0x00000000e5d80000)
  from space 15872K, 26% used [0x00000000e6d00000,0x00000000e7118188,0x00000000e7c80000)
  to   space 15872K, 0% used [0x00000000e5d80000,0x00000000e5d80000,0x00000000e6d00000)
 ParOldGen       total 87552K, used 32009K [0x0000000080c00000, 0x0000000086180000, 0x00000000d5980000)
  object space 87552K, 36% used [0x0000000080c00000,0x0000000082b42448,0x0000000086180000)
 Metaspace       used 20749K, capacity 21066K, committed 21248K, reserved 1067008K
  class space    used 2625K, capacity 2709K, committed 2816K, reserved 1048576K

Card table byte_map: [0x0000000012790000,0x0000000012b90000] byte_map_base: 0x000000001238a000

Marking Bits: (ParMarkBitMap*) 0x00000000519c5ce0
 Begin Bits: [0x0000000013640000, 0x0000000015610000)
 End Bits:   [0x0000000015610000, 0x00000000175e0000)

Polling page: 0x00000000012c0000

CodeCache: size=245760Kb used=14555Kb max_used=14566Kb free=231204Kb
 bounds [0x00000000033d0000, 0x0000000004220000, 0x00000000123d0000]
 total_blobs=4857 nmethods=4436 adapters=332
 compilation: enabled

Compilation events (10 events):
Event: 4.042 Thread 0x000000001a319000 4463       3       java.nio.DirectByteBuffer::put (18 bytes)
Event: 4.042 Thread 0x000000001a319000 nmethod 4463 0x0000000004212850 code [0x00000000042129c0, 0x0000000004212c30]
Event: 4.042 Thread 0x000000001a319000 4464       3       java.nio.DirectByteBuffer::ix (10 bytes)
Event: 4.042 Thread 0x000000001a319000 nmethod 4464 0x0000000004212d50 code [0x0000000004212ea0, 0x0000000004212ff0]
Event: 4.043 Thread 0x000000001a319000 4467       1       java.nio.DirectByteBuffer::ix (10 bytes)
Event: 4.043 Thread 0x000000001a319000 nmethod 4467 0x0000000004213050 code [0x00000000042131a0, 0x00000000042132b0]
Event: 4.043 Thread 0x000000001a319000 4466       3       java.nio.DirectByteBuffer::put (18 bytes)
Event: 4.043 Thread 0x000000001a319000 nmethod 4466 0x0000000004213310 code [0x0000000004213480, 0x00000000042136f0]
Event: 4.043 Thread 0x000000001a30e000 4468   !   4       java.util.zip.ZipFile$ZipFileInputStream::close (110 bytes)
Event: 4.047 Thread 0x000000001a30e000 nmethod 4468 0x0000000004216cd0 code [0x0000000004216e60, 0x0000000004217708]

GC Heap History (10 events):
Event: 1.693 GC heap before
{Heap before GC invocations=4 (full 0):
 PSYoungGen      total 38400K, used 38399K [0x00000000d5980000, 0x00000000da480000, 0x0000000100000000)
  eden space 33280K, 100% used [0x00000000d5980000,0x00000000d7a00000,0x00000000d7a00000)
  from space 5120K, 99% used [0x00000000d7a00000,0x00000000d7effc40,0x00000000d7f00000)
  to   space 5120K, 0% used [0x00000000d9f80000,0x00000000d9f80000,0x00000000da480000)
 ParOldGen       total 87552K, used 12677K [0x0000000080c00000, 0x0000000086180000, 0x00000000d5980000)
  object space 87552K, 14% used [0x0000000080c00000,0x0000000081861668,0x0000000086180000)
 Metaspace       used 16436K, capacity 16562K, committed 16896K, reserved 1064960K
  class space    used 2197K, capacity 2241K, committed 2304K, reserved 1048576K
Event: 1.703 GC heap after
Heap after GC invocations=4 (full 0):
 PSYoungGen      total 71680K, used 5104K [0x00000000d5980000, 0x00000000da480000, 0x0000000100000000)
  eden space 66560K, 0% used [0x00000000d5980000,0x00000000d5980000,0x00000000d9a80000)
  from space 5120K, 99% used [0x00000000d9f80000,0x00000000da47c020,0x00000000da480000)
  to   space 5120K, 0% used [0x00000000d9a80000,0x00000000d9a80000,0x00000000d9f80000)
 ParOldGen       total 87552K, used 19205K [0x0000000080c00000, 0x0000000086180000, 0x00000000d5980000)
  object space 87552K, 21% used [0x0000000080c00000,0x0000000081ec1578,0x0000000086180000)
 Metaspace       used 16436K, capacity 16562K, committed 16896K, reserved 1064960K
  class space    used 2197K, capacity 2241K, committed 2304K, reserved 1048576K
}
Event: 2.458 GC heap before
{Heap before GC invocations=5 (full 0):
 PSYoungGen      total 71680K, used 71664K [0x00000000d5980000, 0x00000000da480000, 0x0000000100000000)
  eden space 66560K, 100% used [0x00000000d5980000,0x00000000d9a80000,0x00000000d9a80000)
  from space 5120K, 99% used [0x00000000d9f80000,0x00000000da47c020,0x00000000da480000)
  to   space 5120K, 0% used [0x00000000d9a80000,0x00000000d9a80000,0x00000000d9f80000)
 ParOldGen       total 87552K, used 19205K [0x0000000080c00000, 0x0000000086180000, 0x00000000d5980000)
  object space 87552K, 21% used [0x0000000080c00000,0x0000000081ec1578,0x0000000086180000)
 Metaspace       used 18659K, capacity 18870K, committed 18944K, reserved 1064960K
  class space    used 2427K, capacity 2503K, committed 2560K, reserved 1048576K
Event: 2.469 GC heap after
Heap after GC invocations=5 (full 0):
 PSYoungGen      total 71680K, used 5104K [0x00000000d5980000, 0x00000000dfa80000, 0x0000000100000000)
  eden space 66560K, 0% used [0x00000000d5980000,0x00000000d5980000,0x00000000d9a80000)
  from space 5120K, 99% used [0x00000000d9a80000,0x00000000d9f7c050,0x00000000d9f80000)
  to   space 15872K, 0% used [0x00000000deb00000,0x00000000deb00000,0x00000000dfa80000)
 ParOldGen       total 87552K, used 27064K [0x0000000080c00000, 0x0000000086180000, 0x00000000d5980000)
  object space 87552K, 30% used [0x0000000080c00000,0x000000008266e0b8,0x0000000086180000)
 Metaspace       used 18659K, capacity 18870K, committed 18944K, reserved 1064960K
  class space    used 2427K, capacity 2503K, committed 2560K, reserved 1048576K
}
Event: 2.804 GC heap before
{Heap before GC invocations=6 (full 0):
 PSYoungGen      total 71680K, used 71664K [0x00000000d5980000, 0x00000000dfa80000, 0x0000000100000000)
  eden space 66560K, 100% used [0x00000000d5980000,0x00000000d9a80000,0x00000000d9a80000)
  from space 5120K, 99% used [0x00000000d9a80000,0x00000000d9f7c050,0x00000000d9f80000)
  to   space 15872K, 0% used [0x00000000deb00000,0x00000000deb00000,0x00000000dfa80000)
 ParOldGen       total 87552K, used 27064K [0x0000000080c00000, 0x0000000086180000, 0x00000000d5980000)
  object space 87552K, 30% used [0x0000000080c00000,0x000000008266e0b8,0x0000000086180000)
 Metaspace       used 18791K, capacity 19062K, committed 19200K, reserved 1067008K
  class space    used 2427K, capacity 2503K, committed 2560K, reserved 1048576K
Event: 2.812 GC heap after
Heap after GC invocations=6 (full 0):
 PSYoungGen      total 148992K, used 6992K [0x00000000d5980000, 0x00000000dfa80000, 0x0000000100000000)
  eden space 133120K, 0% used [0x00000000d5980000,0x00000000d5980000,0x00000000ddb80000)
  from space 15872K, 44% used [0x00000000deb00000,0x00000000df1d41c8,0x00000000dfa80000)
  to   space 15872K, 0% used [0x00000000ddb80000,0x00000000ddb80000,0x00000000deb00000)
 ParOldGen       total 87552K, used 27064K [0x0000000080c00000, 0x0000000086180000, 0x00000000d5980000)
  object space 87552K, 30% used [0x0000000080c00000,0x000000008266e0b8,0x0000000086180000)
 Metaspace       used 18791K, capacity 19062K, committed 19200K, reserved 1067008K
  class space    used 2427K, capacity 2503K, committed 2560K, reserved 1048576K
}
Event: 3.306 GC heap before
{Heap before GC invocations=7 (full 0):
 PSYoungGen      total 148992K, used 140112K [0x00000000d5980000, 0x00000000dfa80000, 0x0000000100000000)
  eden space 133120K, 100% used [0x00000000d5980000,0x00000000ddb80000,0x00000000ddb80000)
  from space 15872K, 44% used [0x00000000deb00000,0x00000000df1d41c8,0x00000000dfa80000)
  to   space 15872K, 0% used [0x00000000ddb80000,0x00000000ddb80000,0x00000000deb00000)
 ParOldGen       total 87552K, used 27064K [0x0000000080c00000, 0x0000000086180000, 0x00000000d5980000)
  object space 87552K, 30% used [0x0000000080c00000,0x000000008266e0b8,0x0000000086180000)
 Metaspace       used 19690K, capacity 19978K, committed 20096K, reserved 1067008K
  class space    used 2521K, capacity 2581K, committed 2688K, reserved 1048576K
Event: 3.318 GC heap after
Heap after GC invocations=7 (full 0):
 PSYoungGen      total 148992K, used 6224K [0x00000000d5980000, 0x00000000e7c80000, 0x0000000100000000)
  eden space 133120K, 0% used [0x00000000d5980000,0x00000000d5980000,0x00000000ddb80000)
  from space 15872K, 39% used [0x00000000ddb80000,0x00000000de194198,0x00000000deb00000)
  to   space 15872K, 0% used [0x00000000e6d00000,0x00000000e6d00000,0x00000000e7c80000)
 ParOldGen       total 87552K, used 30292K [0x0000000080c00000, 0x0000000086180000, 0x00000000d5980000)
  object space 87552K, 34% used [0x0000000080c00000,0x00000000829953e8,0x0000000086180000)
 Metaspace       used 19690K, capacity 19978K, committed 20096K, reserved 1067008K
  class space    used 2521K, capacity 2581K, committed 2688K, reserved 1048576K
}
Event: 3.684 GC heap before
{Heap before GC invocations=8 (full 0):
 PSYoungGen      total 148992K, used 139344K [0x00000000d5980000, 0x00000000e7c80000, 0x0000000100000000)
  eden space 133120K, 100% used [0x00000000d5980000,0x00000000ddb80000,0x00000000ddb80000)
  from space 15872K, 39% used [0x00000000ddb80000,0x00000000de194198,0x00000000deb00000)
  to   space 15872K, 0% used [0x00000000e6d00000,0x00000000e6d00000,0x00000000e7c80000)
 ParOldGen       total 87552K, used 30292K [0x0000000080c00000, 0x0000000086180000, 0x00000000d5980000)
  object space 87552K, 34% used [0x0000000080c00000,0x00000000829953e8,0x0000000086180000)
 Metaspace       used 19745K, capacity 20042K, committed 20352K, reserved 1067008K
  class space    used 2521K, capacity 2581K, committed 2688K, reserved 1048576K
Event: 3.689 GC heap after
Heap after GC invocations=8 (full 0):
 PSYoungGen      total 282112K, used 4192K [0x00000000d5980000, 0x00000000e7c80000, 0x0000000100000000)
  eden space 266240K, 0% used [0x00000000d5980000,0x00000000d5980000,0x00000000e5d80000)
  from space 15872K, 26% used [0x00000000e6d00000,0x00000000e7118188,0x00000000e7c80000)
  to   space 15872K, 0% used [0x00000000e5d80000,0x00000000e5d80000,0x00000000e6d00000)
 ParOldGen       total 87552K, used 32009K [0x0000000080c00000, 0x0000000086180000, 0x00000000d5980000)
  object space 87552K, 36% used [0x0000000080c00000,0x0000000082b42448,0x0000000086180000)
 Metaspace       used 19745K, capacity 20042K, committed 20352K, reserved 1067008K
  class space    used 2521K, capacity 2581K, committed 2688K, reserved 1048576K
}

Deoptimization events (10 events):
Event: 3.044 Thread 0x00000000032d6000 Uncommon trap: reason=bimorphic action=maybe_recompile pc=0x0000000003dc4884 method=java.util.ArrayList.indexOf(Ljava/lang/Object;)I @ 51
Event: 3.045 Thread 0x00000000032d6000 Uncommon trap: reason=null_check action=make_not_entrant pc=0x0000000003ddb0a4 method=java.util.AbstractCollection.toArray([Ljava/lang/Object;)[Ljava/lang/Object; @ 119
Event: 3.850 Thread 0x00000000032d6000 Uncommon trap: reason=unstable_if action=reinterpret pc=0x000000000412e238 method=org.uqbar.project.wollok.wollokDsl.impl.WCollectionLiteralImpl.eIsSet(I)Z @ 36
Event: 3.852 Thread 0x00000000032d6000 Uncommon trap: reason=class_check action=maybe_recompile pc=0x0000000004173818 method=org.uqbar.project.wollok.scoping.WollokDslScopeProvider$5.apply(Ljava/lang/Object;)Ljava/lang/Object; @ 2
Event: 3.854 Thread 0x00000000032d6000 Uncommon trap: reason=class_check action=maybe_recompile pc=0x0000000004173818 method=org.uqbar.project.wollok.scoping.WollokDslScopeProvider$5.apply(Ljava/lang/Object;)Ljava/lang/Object; @ 2
Event: 3.855 Thread 0x00000000032d6000 Uncommon trap: reason=class_check action=maybe_recompile pc=0x0000000004173818 method=org.uqbar.project.wollok.scoping.WollokDslScopeProvider$5.apply(Ljava/lang/Object;)Ljava/lang/Object; @ 2
Event: 3.857 Thread 0x00000000032d6000 Uncommon trap: reason=class_check action=maybe_recompile pc=0x0000000004173818 method=org.uqbar.project.wollok.scoping.WollokDslScopeProvider$5.apply(Ljava/lang/Object;)Ljava/lang/Object; @ 2
Event: 3.914 Thread 0x00000000032d6000 Uncommon trap: reason=unstable_if action=reinterpret pc=0x000000000411ea34 method=java.io.WinNTFileSystem.normalize(Ljava/lang/String;)Ljava/lang/String; @ 49
Event: 3.921 Thread 0x00000000032d6000 Uncommon trap: reason=bimorphic action=maybe_recompile pc=0x00000000034d366c method=java.util.Collections$UnmodifiableCollection$1.hasNext()Z @ 4
Event: 3.926 Thread 0x00000000032d6000 Uncommon trap: reason=unstable_if action=reinterpret pc=0x00000000039c6a20 method=sun.security.provider.DigestBase.engineUpdate([BII)V @ 1

Classes redefined (0 events):
No events

Internal exceptions (10 events):
Event: 3.045 Thread 0x00000000032d6000 Implicit null exception at 0x0000000003ddac6b to 0x0000000003ddb091
Event: 3.194 Thread 0x00000000032d6000 Exception <a 'java/io/FileNotFoundException'> (0x00000000db32d1e8) thrown at [C:\re\workspace\8-2-build-windows-amd64-cygwin\jdk8u211\12973\hotspot\src\share\vm\prims\jni.cpp, line 710]
Event: 3.194 Thread 0x00000000032d6000 Exception <a 'java/io/FileNotFoundException'> (0x00000000db33d178) thrown at [C:\re\workspace\8-2-build-windows-amd64-cygwin\jdk8u211\12973\hotspot\src\share\vm\prims\jni.cpp, line 710]
Event: 3.195 Thread 0x00000000032d6000 Exception <a 'java/io/FileNotFoundException'> (0x00000000db34d250) thrown at [C:\re\workspace\8-2-build-windows-amd64-cygwin\jdk8u211\12973\hotspot\src\share\vm\prims\jni.cpp, line 710]
Event: 4.048 Thread 0x00000000032d6000 Exception <a 'java/security/PrivilegedActionException'> (0x00000000da0a4458) thrown at [C:\re\workspace\8-2-build-windows-amd64-cygwin\jdk8u211\12973\hotspot\src\share\vm\prims\jvm.cpp, line 1502]
Event: 4.048 Thread 0x00000000032d6000 Exception <a 'java/security/PrivilegedActionException'> (0x00000000da0a5988) thrown at [C:\re\workspace\8-2-build-windows-amd64-cygwin\jdk8u211\12973\hotspot\src\share\vm\prims\jvm.cpp, line 1502]
Event: 4.048 Thread 0x00000000032d6000 Exception <a 'java/security/PrivilegedActionException'> (0x00000000da0a6db8) thrown at [C:\re\workspace\8-2-build-windows-amd64-cygwin\jdk8u211\12973\hotspot\src\share\vm\prims\jvm.cpp, line 1502]
Event: 4.048 Thread 0x00000000032d6000 Exception <a 'java/security/PrivilegedActionException'> (0x00000000da0a8478) thrown at [C:\re\workspace\8-2-build-windows-amd64-cygwin\jdk8u211\12973\hotspot\src\share\vm\prims\jvm.cpp, line 1502]
Event: 4.048 Thread 0x00000000032d6000 Exception <a 'java/security/PrivilegedActionException'> (0x00000000da0a9870) thrown at [C:\re\workspace\8-2-build-windows-amd64-cygwin\jdk8u211\12973\hotspot\src\share\vm\prims\jvm.cpp, line 1502]
Event: 4.048 Thread 0x00000000032d6000 Exception <a 'java/security/PrivilegedActionException'> (0x00000000da0aac38) thrown at [C:\re\workspace\8-2-build-windows-amd64-cygwin\jdk8u211\12973\hotspot\src\share\vm\prims\jvm.cpp, line 1502]

Events (10 events):
Event: 4.065 loading class org/lwjgl/openal/ALCdevice
Event: 4.065 loading class org/lwjgl/openal/ALCdevice done
Event: 4.065 loading class org/lwjgl/openal/ALCcontext
Event: 4.065 loading class org/lwjgl/openal/ALCcontext done
Event: 4.065 loading class java/nio/DirectIntBufferU
Event: 4.065 loading class java/nio/DirectIntBufferU done
Event: 4.066 loading class org/lwjgl/openal/Util
Event: 4.066 loading class org/lwjgl/openal/Util done
Event: 4.066 loading class org/lwjgl/openal/OpenALException
Event: 4.066 loading class org/lwjgl/openal/OpenALException done


Dynamic libraries:
0x00007ff79ae30000 - 0x00007ff79ae67000 	C:\Program Files\Java\jre1.8.0_211\bin\javaw.exe
0x00007ffd05ce0000 - 0x00007ffd05ed0000 	C:\WINDOWS\SYSTEM32\ntdll.dll
0x00007ffd05840000 - 0x00007ffd058f2000 	C:\WINDOWS\System32\KERNEL32.DLL
0x00007ffd02d70000 - 0x00007ffd03013000 	C:\WINDOWS\System32\KERNELBASE.dll
0x00007ffd051b0000 - 0x00007ffd05253000 	C:\WINDOWS\System32\ADVAPI32.dll
0x00007ffd05900000 - 0x00007ffd0599e000 	C:\WINDOWS\System32\msvcrt.dll
0x00007ffd04e50000 - 0x00007ffd04ee7000 	C:\WINDOWS\System32\sechost.dll
0x00007ffd040d0000 - 0x00007ffd041f0000 	C:\WINDOWS\System32\RPCRT4.dll
0x00007ffd04c20000 - 0x00007ffd04db4000 	C:\WINDOWS\System32\USER32.dll
0x00007ffd03850000 - 0x00007ffd03871000 	C:\WINDOWS\System32\win32u.dll
0x00007ffd04e20000 - 0x00007ffd04e46000 	C:\WINDOWS\System32\GDI32.dll
0x00007ffd03bf0000 - 0x00007ffd03d84000 	C:\WINDOWS\System32\gdi32full.dll
0x00007ffd03b50000 - 0x00007ffd03bee000 	C:\WINDOWS\System32\msvcp_win.dll
0x00007ffd03880000 - 0x00007ffd0397a000 	C:\WINDOWS\System32\ucrtbase.dll
0x00007ffcf2ed0000 - 0x00007ffcf3155000 	C:\WINDOWS\WinSxS\amd64_microsoft.windows.common-controls_6595b64144ccf1df_6.0.18362.476_none_e6c4b11b130f2595\COMCTL32.dll
0x00007ffd03d90000 - 0x00007ffd040c6000 	C:\WINDOWS\System32\combase.dll
0x00007ffd03ad0000 - 0x00007ffd03b50000 	C:\WINDOWS\System32\bcryptPrimitives.dll
0x00007ffd04500000 - 0x00007ffd0452e000 	C:\WINDOWS\System32\IMM32.DLL
0x0000000050fc0000 - 0x0000000051092000 	C:\Program Files\Java\jre1.8.0_211\bin\msvcr100.dll
0x00000000511a0000 - 0x0000000051a45000 	C:\Program Files\Java\jre1.8.0_211\bin\server\jvm.dll
0x00007ffd052f0000 - 0x00007ffd052f8000 	C:\WINDOWS\System32\PSAPI.DLL
0x00007ffcfdf90000 - 0x00007ffcfdf99000 	C:\WINDOWS\SYSTEM32\WSOCK32.dll
0x00007ffcfc590000 - 0x00007ffcfc59a000 	C:\WINDOWS\SYSTEM32\VERSION.dll
0x00007ffd00a40000 - 0x00007ffd00a64000 	C:\WINDOWS\SYSTEM32\WINMM.dll
0x00007ffd04ef0000 - 0x00007ffd04f5f000 	C:\WINDOWS\System32\WS2_32.dll
0x00007ffd006a0000 - 0x00007ffd006cd000 	C:\WINDOWS\SYSTEM32\WINMMBASE.dll
0x00007ffd03020000 - 0x00007ffd0306a000 	C:\WINDOWS\System32\cfgmgr32.dll
0x00007ffcff560000 - 0x00007ffcff56f000 	C:\Program Files\Java\jre1.8.0_211\bin\verify.dll
0x00007ffcf4730000 - 0x00007ffcf4759000 	C:\Program Files\Java\jre1.8.0_211\bin\java.dll
0x00007ffcff4a0000 - 0x00007ffcff4b6000 	C:\Program Files\Java\jre1.8.0_211\bin\zip.dll
0x00007ffd04530000 - 0x00007ffd04c15000 	C:\WINDOWS\System32\SHELL32.dll
0x00007ffd05b90000 - 0x00007ffd05c39000 	C:\WINDOWS\System32\shcore.dll
0x00007ffd03070000 - 0x00007ffd037ee000 	C:\WINDOWS\System32\windows.storage.dll
0x00007ffd02be0000 - 0x00007ffd02bff000 	C:\WINDOWS\System32\profapi.dll
0x00007ffd02c20000 - 0x00007ffd02c6a000 	C:\WINDOWS\System32\powrprof.dll
0x00007ffd02bb0000 - 0x00007ffd02bc0000 	C:\WINDOWS\System32\UMPDC.dll
0x00007ffd05c40000 - 0x00007ffd05c92000 	C:\WINDOWS\System32\shlwapi.dll
0x00007ffd02bc0000 - 0x00007ffd02bd1000 	C:\WINDOWS\System32\kernel.appcore.dll
0x00007ffd02c70000 - 0x00007ffd02c87000 	C:\WINDOWS\System32\cryptsp.dll
0x0000000065580000 - 0x0000000065616000 	C:\Users\Sebastian\AppData\Local\Temp\libgdxSebastian\12dfaa03\gdx64.dll
0x00007ffd01f90000 - 0x00007ffd01fc3000 	C:\WINDOWS\system32\rsaenh.dll
0x00007ffd02d40000 - 0x00007ffd02d66000 	C:\WINDOWS\System32\bcrypt.dll
0x00007ffd02ad0000 - 0x00007ffd02af5000 	C:\WINDOWS\SYSTEM32\USERENV.dll
0x00007ffd025f0000 - 0x00007ffd025fc000 	C:\WINDOWS\SYSTEM32\CRYPTBASE.dll
0x00007ffcf8dd0000 - 0x00007ffcf8dea000 	C:\Program Files\Java\jre1.8.0_211\bin\net.dll
0x00007ffcf6df0000 - 0x00007ffcf6fc6000 	C:\WINDOWS\SYSTEM32\urlmon.dll
0x00007ffcf70f0000 - 0x00007ffcf7396000 	C:\WINDOWS\SYSTEM32\iertutil.dll
0x00007ffd02420000 - 0x00007ffd02487000 	C:\WINDOWS\system32\mswsock.dll
0x00007ffd02130000 - 0x00007ffd0216a000 	C:\WINDOWS\SYSTEM32\IPHLPAPI.DLL
0x00007ffd05260000 - 0x00007ffd05268000 	C:\WINDOWS\System32\NSI.dll
0x00007ffcfc310000 - 0x00007ffcfc326000 	C:\WINDOWS\SYSTEM32\dhcpcsvc6.DLL
0x00007ffcfc2f0000 - 0x00007ffcfc30c000 	C:\WINDOWS\SYSTEM32\dhcpcsvc.DLL
0x00007ffd02170000 - 0x00007ffd0223a000 	C:\WINDOWS\SYSTEM32\DNSAPI.dll
0x00007ffcf55d0000 - 0x00007ffcf55e2000 	C:\Program Files\Java\jre1.8.0_211\bin\nio.dll
0x0000000180000000 - 0x0000000180053000 	C:\Users\Sebastian\AppData\Local\Temp\libgdxSebastian\dc0f0009\lwjgl64.dll
0x00007ffcd1a60000 - 0x00007ffcd1bb6000 	C:\WINDOWS\SYSTEM32\OPENGL32.dll
0x00007ffcf5550000 - 0x00007ffcf557c000 	C:\WINDOWS\SYSTEM32\GLU32.dll
0x00007ffd01820000 - 0x00007ffd01840000 	C:\WINDOWS\SYSTEM32\dxcore.dll
0x00000000030d0000 - 0x0000000003134000 	C:\Users\SEBAST~1\AppData\Local\Temp\libgdxSebastian\dc0f0009\OpenAL64.dll
0x00007ffd04f60000 - 0x00007ffd050b6000 	C:\WINDOWS\System32\ole32.dll
0x00007ffd00f10000 - 0x00007ffd00fa9000 	C:\WINDOWS\system32\uxtheme.dll
0x00007ffd059a0000 - 0x00007ffd05a42000 	C:\WINDOWS\System32\clbcatq.dll
0x00007ffce5a80000 - 0x00007ffce5b19000 	C:\WINDOWS\SYSTEM32\dsound.dll
0x00007ffcfc8d0000 - 0x00007ffcfc942000 	C:\WINDOWS\System32\MMDevApi.dll
0x00007ffd029b0000 - 0x00007ffd029da000 	C:\WINDOWS\System32\DEVOBJ.dll
0x00007ffcfc950000 - 0x00007ffcfcaad000 	C:\WINDOWS\SYSTEM32\AUDIOSES.DLL
0x00007ffd04200000 - 0x00007ffd042c4000 	C:\WINDOWS\System32\OLEAUT32.dll
0x00007ffcfe530000 - 0x00007ffcfe683000 	C:\WINDOWS\SYSTEM32\wintypes.dll
0x00007ffcee770000 - 0x00007ffcee964000 	C:\WINDOWS\SYSTEM32\dbghelp.dll

VM Arguments:
jvm_args: -Duser.language=es_AR -Dfile.encoding=UTF-8 
java_command: org.uqbar.project.wollok.launch.WollokLauncher -requestsPort 0 -eventsPort 0 -folder -dontValidate -wf src/juego.wpgm
java_class_path (initial): F:\Desktop\Pivot\git\Quaternion-Defense\bin;F:\Desktop\Sebastian\Programas\wollok-win32.win32.x86_64\plugins\com.ibm.icu_56.1.0.v201601250100.jar;F:\Desktop\Sebastian\Programas\wollok-win32.win32.x86_64\plugins\org.eclipse.xtext_2.11.0.v20170130-0808.jar;F:\Desktop\Sebastian\Programas\wollok-win32.win32.x86_64\plugins\org.eclipse.emf.ecore.xmi_2.12.0.v20160420-0247.jar;F:\Desktop\Sebastian\Programas\wollok-win32.win32.x86_64\plugins\org.eclipse.emf.ecore_2.12.0.v20160420-0247.jar;F:\Desktop\Sebastian\Programas\wollok-win32.win32.x86_64\plugins\org.eclipse.emf.common_2.12.0.v20160420-0247.jar;F:\Desktop\Sebastian\Programas\wollok-win32.win32.x86_64\plugins\org.antlr.runtime_3.2.0.v201101311130.jar;F:\Desktop\Sebastian\Programas\wollok-win32.win32.x86_64\plugins\com.google.inject_3.0.0.v201605172100.jar;F:\Desktop\Sebastian\Programas\wollok-win32.win32.x86_64\plugins\org.eclipse.emf.mwe.core_1.5.0.201906111547.jar;F:\Desktop\Sebastian\Programas\wollok-win32.win32.x86_64\plugins\org.apache.commons.cli_1.2.0.v201404270220.jar;F:\Desktop\Sebastian\Programas\wollok-win32.win32.x86_64\plugins\org.eclipse.emf.mwe2.runtime_2.11.0.201906111547.jar;F:\Desktop\Sebastian\Programas\wollok-win32.win32.x86_64\plugins\org.eclipse.emf.mwe.utils_1.5.0.201906111547.jar;F:\Desktop\Sebastian\Programas\wollok-win32.win32.x86_64\plugins\org.eclipse.xtext.util_2.11.0.v20170130-0808.jar;F:\Desktop\Sebastian\Programas\wollok-win32.win32.x86_64\plugins\com.google.guava_15.0.0.v201403281430.jar;F:\Desktop\Sebastian\Programas\wollok-win32.win32.x86_64\plugins\javax.inject_1.0.0.v20091030.jar;F:\Desktop\Sebastian\Programas\wollok-win32.win32.x86_64\plugins\org.eclipse.xtext.generator_2.11.0.v20170131-1210.jar;F:\Desktop\Sebastian\Programas\wollok-win32.win32.x86_64\plugins\org.eclipse.xtext.xtext.generator_2.11.0.v20170130-0808.jar;F:\Desktop\Sebastian\Programas\wollok-win32.win32.x86_64\plugins\org.eclipse.xtext.xbase.lib_2.11.0.v20170124-1424.jar;F:\Desktop\Sebastia
Launcher Type: SUN_STANDARD

Environment Variables:
PATH=C:/Program Files/Java/jre1.8.0_211/bin/server;C:/Program Files/Java/jre1.8.0_211/bin;C:/Program Files/Java/jre1.8.0_211/lib/amd64;C:\Program Files (x86)\Common Files\Oracle\Java\javapath;C:\ProgramData\Oracle\Java\javapath;C:\Program Files\Haskell\bin;C:\Program Files\Haskell Platform\8.6.3\lib\extralibs\bin;C:\Program Files\Haskell Platform\8.6.3\bin;C:\WINDOWS\system32;C:\WINDOWS;C:\WINDOWS\System32\Wbem;C:\WINDOWS\System32\WindowsPowerShell\v1.0\;C:\WINDOWS\System32\OpenSSH\;C:\Program Files (x86)\NVIDIA Corporation\PhysX\Common;C:\Program Files\NVIDIA Corporation\NVIDIA NvDLISR;C:\Program Files\Haskell Platform\8.6.3\mingw\bin;C:\Program Files\Git\cmd;C:\Program Files\dotnet\;C:\Program Files\Microsoft SQL Server\130\Tools\Binn\;C:\Program Files\Microsoft SQL Server\Client SDK\ODBC\170\Tools\Binn\;C:\WINDOWS\system32;C:\WINDOWS;C:\WINDOWS\System32\Wbem;C:\WINDOWS\System32\WindowsPowerShell\v1.0\;C:\WINDOWS\System32\OpenSSH\;C:\Users\Sebastian\AppData\Roaming\local\bin;C:\Users\Sebastian\AppData\Roaming\cabal\bin;C:\Users\Sebastian\AppData\Local\Microsoft\WindowsApps;C:\Users\Sebastian\AppData\Local\Programs\Microsoft VS Code\bin;C:\MinGW\bin;;F:\Desktop\Sebastian\Programas\wollok-win32.win32.x86_64;
USERNAME=Sebastian
OS=Windows_NT
PROCESSOR_IDENTIFIER=Intel64 Family 6 Model 94 Stepping 3, GenuineIntel



---------------  S Y S T E M  ---------------

OS: Windows 10.0 , 64 bit Build 18362 (10.0.18362.329)

CPU:total 8 (initial active 8) (4 cores per cpu, 2 threads per core) family 6 model 94 stepping 3, cmov, cx8, fxsr, mmx, sse, sse2, sse3, ssse3, sse4.1, sse4.2, popcnt, avx, avx2, aes, clmul, erms, rtm, 3dnowpref, lzcnt, ht, tsc, tscinvbit, bmi1, bmi2, adx

Memory: 4k page, physical 8331808k(2037844k free), swap 26157600k(5666556k free)

vm_info: Java HotSpot(TM) 64-Bit Server VM (25.211-b12) for windows-amd64 JRE (1.8.0_211-b12), built on Apr  1 2019 20:53:26 by "java_re" with MS VC++ 10.0 (VS2010)

time: Sun Nov 24 17:31:18 2019
timezone: Hora estándar de Argentina
elapsed time: 4 seconds (0d 0h 0m 4s)

